<?xml version="1.0" encoding="UTF-8"?>
<!-- Generated by org.testng.reporters.JUnitReportReporter -->
<testsuite hostname="QT-INBG-LT0881" failures="0" tests="1" name="module3.SelectDiselect" time="14.245" errors="0" timestamp="2021-06-04T11:50:38 IST" skipped="0">
  <testcase classname="module3.SelectDiselect" name="sendkudos" time="14.245"/>
  <system-out/>
</testsuite> <!-- module3.SelectDiselect -->
