<?xml version="1.0" encoding="UTF-8"?>
<!-- Generated by org.testng.reporters.JUnitReportReporter -->
<testsuite hostname="QT-INBG-LT0143" failures="0" tests="1" name="module2.Send_kudos" time="24.565" errors="0" timestamp="2021-03-23T12:31:55 IST" skipped="0">
  <testcase classname="module2.Send_kudos" name="sendkudos" time="24.565"/>
  <system-out/>
</testsuite> <!-- module2.Send_kudos -->
