<?xml version="1.0" encoding="UTF-8"?>
<!-- Generated by org.testng.reporters.JUnitReportReporter -->
<testsuite hostname="QT-INBG-LT0143" failures="0" tests="1" name="cucumberOptions.TestRunner" time="19.833" errors="0" timestamp="2021-03-30T17:05:25 IST" skipped="0">
  <testcase classname="cucumberOptions.TestRunner" name="feature" time="19.833"/>
  <system-out/>
</testsuite> <!-- cucumberOptions.TestRunner -->
