<?xml version="1.0" encoding="UTF-8"?>
<!-- Generated by org.testng.reporters.JUnitReportReporter -->
<testsuite hostname="QT-INBG-LT0143" failures="0" tests="1" name="verification_and_login.Checking_color" time="5.153" errors="0" timestamp="2021-03-22T17:50:16 IST" skipped="0">
  <testcase classname="verification_and_login.Checking_color" name="Checking_color" time="5.153"/>
  <system-out/>
</testsuite> <!-- verification_and_login.Checking_color -->
