<?xml version="1.0" encoding="UTF-8"?>
<!-- Generated by org.testng.reporters.JUnitReportReporter -->
<testsuite hostname="QT-INBG-LT0881" failures="0" tests="1" name="module1.CheckTitle" time="5.460" errors="0" timestamp="2021-06-18T12:29:43 IST" skipped="0">
  <testcase classname="module1.CheckTitle" name="CheckTitle" time="5.460"/>
  <system-out/>
</testsuite> <!-- module1.CheckTitle -->
