<?xml version="1.0" encoding="UTF-8"?>
<!-- Generated by org.testng.reporters.JUnitReportReporter -->
<testsuite hostname="QT-INBG-LT0881" failures="0" tests="1" name="module2.Activity_page" time="7.699" errors="0" timestamp="2021-06-04T17:53:14 IST" skipped="0">
  <testcase classname="module2.Activity_page" name="NameINLeft" time="7.699"/>
  <system-out/>
</testsuite> <!-- module2.Activity_page -->
