<?xml version="1.0" encoding="UTF-8"?>
<!-- Generated by org.testng.reporters.JUnitReportReporter -->
<testsuite hostname="QT-INBG-LT0881" failures="0" tests="1" name="module6.Kudos_to_me" time="12.127" errors="0" timestamp="2021-06-04T11:50:38 IST" skipped="0">
  <testcase classname="module6.Kudos_to_me" name="kudotome" time="12.127"/>
  <system-out/>
</testsuite> <!-- module6.Kudos_to_me -->
