<?xml version="1.0" encoding="UTF-8"?>
<!-- Generated by org.testng.reporters.JUnitReportReporter -->
<testsuite hostname="QT-INBG-LT0143" failures="0" tests="1" name="module3.CheckTitle_activity" time="4.568" errors="0" timestamp="2021-03-23T14:28:02 IST" skipped="0">
  <testcase classname="module3.CheckTitle_activity" name="activity_title" time="4.568"/>
  <system-out/>
</testsuite> <!-- module3.CheckTitle_activity -->
