<?xml version="1.0" encoding="UTF-8"?>
<!-- Generated by org.testng.reporters.JUnitReportReporter -->
<testsuite hostname="QT-INBG-LT0881" failures="0" tests="1" name="module5.Recent_contacts" time="10.562" errors="0" timestamp="2021-06-04T17:53:14 IST" skipped="0">
  <testcase classname="module5.Recent_contacts" name="sk" time="10.562"/>
  <system-out/>
</testsuite> <!-- module5.Recent_contacts -->
