<?xml version="1.0" encoding="UTF-8"?>
<!-- Generated by org.testng.reporters.JUnitReportReporter -->
<testsuite hostname="QT-INBG-LT0143" failures="0" tests="1" name="verification_and_login.CheckTitle" time="4.704" errors="0" timestamp="2021-03-22T15:16:40 IST" skipped="0">
  <testcase classname="verification_and_login.CheckTitle" name="CheckTitle" time="4.704"/>
  <system-out/>
</testsuite> <!-- verification_and_login.CheckTitle -->
