<?xml version="1.0" encoding="UTF-8"?>
<!-- Generated by org.testng.reporters.JUnitReportReporter -->
<testsuite hostname="QT-INBG-LT0881" failures="0" tests="1" name="module6.Activity_update" time="11.909" errors="0" timestamp="2021-06-04T11:50:38 IST" skipped="0">
  <testcase classname="module6.Activity_update" name="activity" time="11.909"/>
  <system-out/>
</testsuite> <!-- module6.Activity_update -->
