<?xml version="1.0" encoding="UTF-8"?>
<!-- Generated by org.testng.reporters.JUnitReportReporter -->
<testsuite hostname="QT-INBG-LT0881" failures="0" tests="1" name="module4.Kudo_search" time="16.603" errors="0" timestamp="2021-06-04T17:53:14 IST" skipped="0">
  <testcase classname="module4.Kudo_search" name="kudosearch" time="16.603"/>
  <system-out/>
</testsuite> <!-- module4.Kudo_search -->
