<?xml version="1.0" encoding="UTF-8"?>
<!-- Generated by org.testng.reporters.JUnitReportReporter -->
<testsuite hostname="QT-INBG-LT0881" failures="0" tests="1" name="module3.Send_multipl_kudos" time="23.314" errors="0" timestamp="2021-06-04T11:50:38 IST" skipped="0">
  <testcase classname="module3.Send_multipl_kudos" name="sendkudos" time="23.314"/>
  <system-out/>
</testsuite> <!-- module3.Send_multipl_kudos -->
