<?xml version="1.0" encoding="UTF-8"?>
<!-- Generated by org.testng.reporters.JUnitReportReporter -->
<testsuite hostname="QT-INBG-LT0143" failures="0" tests="1" name="module3.Activity_page" time="10.621" errors="0" timestamp="2021-03-23T13:49:36 IST" skipped="0">
  <testcase classname="module3.Activity_page" name="NameINLeft" time="10.621"/>
  <system-out/>
</testsuite> <!-- module3.Activity_page -->
