<?xml version="1.0" encoding="UTF-8"?>
<!-- Generated by org.testng.reporters.JUnitReportReporter -->
<testsuite hostname="QT-INBG-LT0881" failures="0" tests="5" name="module1.signup" time="26.398" errors="0" timestamp="2021-06-24T15:24:49 IST" skipped="0">
  <testcase classname="module1.signup" name="signupcheck" time="5.360"/>
  <system-out/>
  <testcase classname="module1.signup" name="signupcheck" time="6.307"/>
  <system-out/>
  <testcase classname="module1.signup" name="signupcheck" time="5.078"/>
  <system-out/>
  <testcase classname="module1.signup" name="signupcheck" time="4.741"/>
  <system-out/>
  <testcase classname="module1.signup" name="signupcheck" time="4.912"/>
  <system-out/>
</testsuite> <!-- module1.signup -->
