<?xml version="1.0" encoding="UTF-8"?>
<!-- Generated by org.testng.reporters.JUnitReportReporter -->
<testsuite hostname="QT-INBG-LT0143" failures="0" tests="2" name="testpackage.Qtrecog" time="24.692" errors="0" timestamp="2021-03-22T14:57:24 IST" skipped="0">
  <testcase classname="testpackage.Qtrecog" name="basepagenavigation" time="17.440"/>
  <system-out/>
  <testcase classname="testpackage.Qtrecog" name="basepagenavigation" time="7.252"/>
  <system-out/>
</testsuite> <!-- testpackage.Qtrecog -->
