<?xml version="1.0" encoding="UTF-8"?>
<!-- Generated by org.testng.reporters.JUnitReportReporter -->
<testsuite hostname="QT-INBG-LT0881" failures="0" tests="3" name="module1.Category" time="67.104" errors="0" timestamp="2021-06-25T17:16:38 IST" skipped="0">
  <testcase classname="module1.Category" name="category" time="28.076"/>
  <system-out/>
  <testcase classname="module1.Category" name="category" time="8.320"/>
  <system-out/>
  <testcase classname="module1.Category" name="category" time="30.708"/>
  <system-out/>
</testsuite> <!-- module1.Category -->
