<?xml version="1.0" encoding="UTF-8"?>
<!-- Generated by org.testng.reporters.JUnitReportReporter -->
<testsuite hostname="QT-INBG-LT0143" failures="0" tests="1" name="module6.Activity" time="13.488" errors="0" timestamp="2021-03-23T17:37:07 IST" skipped="0">
  <testcase classname="module6.Activity" name="kudosearch" time="13.488"/>
  <system-out/>
</testsuite> <!-- module6.Activity -->
