<?xml version="1.0" encoding="UTF-8"?>
<!-- Generated by org.testng.reporters.JUnitReportReporter -->
<testsuite hostname="QT-INBG-LT0143" failures="0" tests="1" name="integration.Sendkudos_IT$send_one_kudo" time="17.670" errors="0" timestamp="2021-03-24T18:53:57 IST" skipped="0">
  <testcase classname="integration.Sendkudos_IT$send_one_kudo" name="sendkudos" time="17.670"/>
  <system-out/>
</testsuite> <!-- integration.Sendkudos_IT$send_one_kudo -->
